#
# There is insufficient memory for the Java Runtime Environment to continue.
# Native memory allocation (malloc) failed to allocate 1530256 bytes for Chunk::new
# Possible reasons:
#   The system is out of physical RAM or swap space
#   The process is running with CompressedOops enabled, and the Java Heap may be blocking the growth of the native heap
# Possible solutions:
#   Reduce memory load on the system
#   Increase physical memory or swap space
#   Check if swap backing store is full
#   Decrease Java heap size (-Xmx/-Xms)
#   Decrease number of Java threads
#   Decrease Java thread stack sizes (-Xss)
#   Set larger code cache with -XX:ReservedCodeCacheSize=
#   JVM is running with Unscaled Compressed Oops mode in which the Java heap is
#     placed in the first 4GB address space. The Java Heap base address is the
#     maximum limit for the native heap growth. Please use -XX:HeapBaseMinAddress
#     to set the Java Heap base and to place the Java Heap above 4GB virtual address.
# This output file may be truncated or incomplete.
#
#  Out of Memory Error (arena.cpp:189), pid=6288, tid=5156
#
# JRE version: OpenJDK Runtime Environment Microsoft-8035246 (17.0.8+7) (build 17.0.8+7-LTS)
# Java VM: OpenJDK 64-Bit Server VM Microsoft-8035246 (17.0.8+7-LTS, mixed mode, sharing, tiered, compressed oops, compressed class ptrs, g1 gc, windows-amd64)
# No core dump will be written. Minidumps are not enabled by default on client versions of Windows
#

---------------  S U M M A R Y ------------

Command Line: org.jetbrains.kotlin.cli.jvm.K2JVMCompiler @D:\CanadaRadio\node_modules\react-native-screens\android\build\20240121_5272314465097514225.compiler.options

Host: Intel(R) Pentium(R) Silver N5000 CPU @ 1.10GHz, 4 cores, 7G,  Windows 11 , 64 bit Build 22621 (10.0.22621.2506)
Time: Sun Jan 21 19:43:59 2024 India Standard Time elapsed time: 282.408678 seconds (0d 0h 4m 42s)

---------------  T H R E A D  ---------------

Current thread (0x0000025dfb009f50):  JavaThread "C2 CompilerThread0" daemon [_thread_in_native, id=5156, stack(0x00000062fd900000,0x00000062fda00000)]


Current CompileTask:
C2: 282408 21650       4       org.jetbrains.kotlin.backend.jvm.ir.JvmIrTypeUtilsKt::eraseTypeParameters (548 bytes)

Stack: [0x00000062fd900000,0x00000062fda00000]
Native frames: (J=compiled Java code, j=interpreted, Vv=VM code, C=native code)
V  [jvm.dll+0x67bf3a]
V  [jvm.dll+0x83a024]
V  [jvm.dll+0x83b7ce]
V  [jvm.dll+0x83be33]
V  [jvm.dll+0x24785f]
V  [jvm.dll+0xac3bc]
V  [jvm.dll+0xac98c]
V  [jvm.dll+0x3680b2]
V  [jvm.dll+0x332451]
V  [jvm.dll+0x3318fa]
V  [jvm.dll+0x21a131]
V  [jvm.dll+0x219551]
V  [jvm.dll+0x1a56b6]
V  [jvm.dll+0x2291ea]
V  [jvm.dll+0x22724c]
V  [jvm.dll+0x7efd0c]
V  [jvm.dll+0x7ea13a]
V  [jvm.dll+0x67ad85]
C  [ucrtbase.dll+0x29363]
C  [KERNEL32.DLL+0x1257d]
C  [ntdll.dll+0x5aa58]


---------------  P R O C E S S  ---------------

Threads class SMR info:
_java_thread_list=0x0000025dc9e30c70, length=13, elements={
0x0000025ddd5eede0, 0x0000025dfafede50, 0x0000025dfafef470, 0x0000025dfb0077e0,
0x0000025dfb0081b0, 0x0000025dfb008a80, 0x0000025dfb009350, 0x0000025dfb009f50,
0x0000025dc5118410, 0x0000025dfb06e8a0, 0x0000025dc51dd660, 0x0000025dc51e8be0,
0x0000025dca0ed9e0
}

Java Threads: ( => current thread )
  0x0000025ddd5eede0 JavaThread "main" [_thread_in_Java, id=8072, stack(0x00000062fca00000,0x00000062fcb00000)]
  0x0000025dfafede50 JavaThread "Reference Handler" daemon [_thread_blocked, id=7596, stack(0x00000062fd200000,0x00000062fd300000)]
  0x0000025dfafef470 JavaThread "Finalizer" daemon [_thread_blocked, id=15720, stack(0x00000062fd300000,0x00000062fd400000)]
  0x0000025dfb0077e0 JavaThread "Signal Dispatcher" daemon [_thread_blocked, id=11396, stack(0x00000062fd500000,0x00000062fd600000)]
  0x0000025dfb0081b0 JavaThread "Attach Listener" daemon [_thread_blocked, id=2416, stack(0x00000062fd600000,0x00000062fd700000)]
  0x0000025dfb008a80 JavaThread "Service Thread" daemon [_thread_blocked, id=7608, stack(0x00000062fd700000,0x00000062fd800000)]
  0x0000025dfb009350 JavaThread "Monitor Deflation Thread" daemon [_thread_blocked, id=1288, stack(0x00000062fd800000,0x00000062fd900000)]
=>0x0000025dfb009f50 JavaThread "C2 CompilerThread0" daemon [_thread_in_native, id=5156, stack(0x00000062fd900000,0x00000062fda00000)]
  0x0000025dc5118410 JavaThread "C1 CompilerThread0" daemon [_thread_blocked, id=4956, stack(0x00000062fda00000,0x00000062fdb00000)]
  0x0000025dfb06e8a0 JavaThread "Sweeper thread" daemon [_thread_blocked, id=5304, stack(0x00000062fdb00000,0x00000062fdc00000)]
  0x0000025dc51dd660 JavaThread "Notification Thread" daemon [_thread_blocked, id=2428, stack(0x00000062fdc00000,0x00000062fdd00000)]
  0x0000025dc51e8be0 JavaThread "Common-Cleaner" daemon [_thread_blocked, id=13460, stack(0x00000062fde00000,0x00000062fdf00000)]
  0x0000025dca0ed9e0 JavaThread "C2 CompilerThread1" daemon [_thread_blocked, id=7144, stack(0x00000062fe200000,0x00000062fe300000)]

Other Threads:
  0x0000025dfafe7a90 VMThread "VM Thread" [stack: 0x00000062fd100000,0x00000062fd200000] [id=5408]
  0x0000025dc51dff60 WatcherThread [stack: 0x00000062fdd00000,0x00000062fde00000] [id=1820]
  0x0000025ddd647ab0 GCTaskThread "GC Thread#0" [stack: 0x00000062fcc00000,0x00000062fcd00000] [id=11220]
  0x0000025dc5209680 GCTaskThread "GC Thread#1" [stack: 0x00000062fdf00000,0x00000062fe000000] [id=14960]
  0x0000025dc5209940 GCTaskThread "GC Thread#2" [stack: 0x00000062fe000000,0x00000062fe100000] [id=1284]
  0x0000025dc5506f80 GCTaskThread "GC Thread#3" [stack: 0x00000062fe100000,0x00000062fe200000] [id=1224]
  0x0000025ddd658400 ConcurrentGCThread "G1 Main Marker" [stack: 0x00000062fcd00000,0x00000062fce00000] [id=8052]
  0x0000025ddd658e10 ConcurrentGCThread "G1 Conc#0" [stack: 0x00000062fce00000,0x00000062fcf00000] [id=5528]
  0x0000025ddd69e670 ConcurrentGCThread "G1 Refine#0" [stack: 0x00000062fcf00000,0x00000062fd000000] [id=8784]
  0x0000025dc84728f0 ConcurrentGCThread "G1 Refine#1" [stack: 0x00000062fc900000,0x00000062fca00000] [id=12520]
  0x0000025dc8472020 ConcurrentGCThread "G1 Refine#2" [stack: 0x00000062fcb00000,0x00000062fcc00000] [id=15772]
  0x0000025dc6820ad0 ConcurrentGCThread "G1 Refine#3" [stack: 0x00000062fd400000,0x00000062fd500000] [id=15900]
  0x0000025dfaea2220 ConcurrentGCThread "G1 Service" [stack: 0x00000062fd000000,0x00000062fd100000] [id=15588]

Threads with active compile tasks:
C2 CompilerThread0   282518 21650       4       org.jetbrains.kotlin.backend.jvm.ir.JvmIrTypeUtilsKt::eraseTypeParameters (548 bytes)
C2 CompilerThread1   282518 21693       4       org.jetbrains.kotlin.codegen.optimization.LabelNormalizationMethodTransformer$TransformerForMethod::rewriteLabelInstructions (97 bytes)

VM state: not at safepoint (normal execution)

VM Mutex/Monitor currently owned by a thread: None

Heap address: 0x0000000083000000, size: 2000 MB, Compressed Oops mode: 32-bit

CDS archive(s) mapped at: [0x0000025d80000000-0x0000025d80bd0000-0x0000025d80bd0000), size 12386304, SharedBaseAddress: 0x0000025d80000000, ArchiveRelocationMode: 1.
Compressed class space mapped at: 0x0000025d81000000-0x0000025dc1000000, reserved size: 1073741824
Narrow klass base: 0x0000025d80000000, Narrow klass shift: 0, Narrow klass range: 0x100000000

GC Precious Log:
 CPUs: 4 total, 4 available
 Memory: 7998M
 Large Page Support: Disabled
 NUMA Support: Disabled
 Compressed Oops: Enabled (32-bit)
 Heap Region Size: 1M
 Heap Min Capacity: 8M
 Heap Initial Capacity: 126M
 Heap Max Capacity: 2000M
 Pre-touch: Disabled
 Parallel Workers: 4
 Concurrent Workers: 1
 Concurrent Refinement Workers: 4
 Periodic GC: Disabled

Heap:
 garbage-first heap   total 230400K, used 155472K [0x0000000083000000, 0x0000000100000000)
  region size 1024K, 28 young (28672K), 5 survivors (5120K)
 Metaspace       used 84859K, committed 85248K, reserved 1179648K
  class space    used 8951K, committed 9152K, reserved 1048576K

Heap Regions: E=young(eden), S=young(survivor), O=old, HS=humongous(starts), HC=humongous(continues), CS=collection set, F=free, OA=open archive, CA=closed archive, TAMS=top-at-mark-start (previous, next)
|   0|0x0000000083000000, 0x0000000083100000, 0x0000000083100000|100%|HS|  |TAMS 0x0000000083100000, 0x0000000083000000| Complete 
|   1|0x0000000083100000, 0x0000000083200000, 0x0000000083200000|100%|HC|  |TAMS 0x0000000083200000, 0x0000000083100000| Complete 
|   2|0x0000000083200000, 0x0000000083300000, 0x0000000083300000|100%|HC|  |TAMS 0x0000000083300000, 0x0000000083200000| Complete 
|   3|0x0000000083300000, 0x0000000083400000, 0x0000000083400000|100%|HC|  |TAMS 0x0000000083400000, 0x0000000083300000| Complete 
|   4|0x0000000083400000, 0x0000000083500000, 0x0000000083500000|100%| O|  |TAMS 0x0000000083500000, 0x0000000083400000| Untracked 
|   5|0x0000000083500000, 0x0000000083600000, 0x0000000083600000|100%| O|  |TAMS 0x0000000083600000, 0x0000000083500000| Untracked 
|   6|0x0000000083600000, 0x0000000083700000, 0x0000000083700000|100%| O|  |TAMS 0x0000000083700000, 0x0000000083600000| Untracked 
|   7|0x0000000083700000, 0x0000000083800000, 0x0000000083800000|100%|HS|  |TAMS 0x0000000083800000, 0x0000000083700000| Complete 
|   8|0x0000000083800000, 0x0000000083900000, 0x0000000083900000|100%|HC|  |TAMS 0x0000000083900000, 0x0000000083800000| Complete 
|   9|0x0000000083900000, 0x0000000083a00000, 0x0000000083a00000|100%|HC|  |TAMS 0x0000000083a00000, 0x0000000083900000| Complete 
|  10|0x0000000083a00000, 0x0000000083b00000, 0x0000000083b00000|100%|HC|  |TAMS 0x0000000083b00000, 0x0000000083a00000| Complete 
|  11|0x0000000083b00000, 0x0000000083c00000, 0x0000000083c00000|100%| O|  |TAMS 0x0000000083c00000, 0x0000000083b00000| Untracked 
|  12|0x0000000083c00000, 0x0000000083d00000, 0x0000000083d00000|100%| O|  |TAMS 0x0000000083d00000, 0x0000000083c00000| Untracked 
|  13|0x0000000083d00000, 0x0000000083e00000, 0x0000000083e00000|100%| O|  |TAMS 0x0000000083e00000, 0x0000000083d00000| Untracked 
|  14|0x0000000083e00000, 0x0000000083f00000, 0x0000000083f00000|100%| O|  |TAMS 0x0000000083f00000, 0x0000000083e00000| Untracked 
|  15|0x0000000083f00000, 0x0000000084000000, 0x0000000084000000|100%| O|  |TAMS 0x0000000084000000, 0x0000000083f00000| Untracked 
|  16|0x0000000084000000, 0x0000000084100000, 0x0000000084100000|100%| O|  |TAMS 0x0000000084100000, 0x0000000084000000| Untracked 
|  17|0x0000000084100000, 0x0000000084200000, 0x0000000084200000|100%| O|  |TAMS 0x0000000084200000, 0x0000000084100000| Untracked 
|  18|0x0000000084200000, 0x0000000084300000, 0x0000000084300000|100%| O|  |TAMS 0x0000000084300000, 0x0000000084200000| Untracked 
|  19|0x0000000084300000, 0x0000000084400000, 0x0000000084400000|100%| O|  |TAMS 0x0000000084400000, 0x0000000084300000| Untracked 
|  20|0x0000000084400000, 0x0000000084500000, 0x0000000084500000|100%| O|  |TAMS 0x0000000084500000, 0x0000000084400000| Untracked 
|  21|0x0000000084500000, 0x0000000084600000, 0x0000000084600000|100%|HS|  |TAMS 0x0000000084600000, 0x0000000084500000| Complete 
|  22|0x0000000084600000, 0x0000000084700000, 0x0000000084700000|100%|HC|  |TAMS 0x0000000084700000, 0x0000000084600000| Complete 
|  23|0x0000000084700000, 0x0000000084800000, 0x0000000084800000|100%| O|  |TAMS 0x0000000084800000, 0x0000000084700000| Untracked 
|  24|0x0000000084800000, 0x0000000084900000, 0x0000000084900000|100%| O|  |TAMS 0x0000000084900000, 0x0000000084800000| Untracked 
|  25|0x0000000084900000, 0x0000000084a00000, 0x0000000084a00000|100%| O|  |TAMS 0x0000000084a00000, 0x0000000084900000| Untracked 
|  26|0x0000000084a00000, 0x0000000084b00000, 0x0000000084b00000|100%| O|  |TAMS 0x0000000084b00000, 0x0000000084a00000| Untracked 
|  27|0x0000000084b00000, 0x0000000084c00000, 0x0000000084c00000|100%| O|  |TAMS 0x0000000084c00000, 0x0000000084b00000| Untracked 
|  28|0x0000000084c00000, 0x0000000084d00000, 0x0000000084d00000|100%| O|  |TAMS 0x0000000084d00000, 0x0000000084c00000| Untracked 
|  29|0x0000000084d00000, 0x0000000084e00000, 0x0000000084e00000|100%| O|  |TAMS 0x0000000084e00000, 0x0000000084d00000| Untracked 
|  30|0x0000000084e00000, 0x0000000084f00000, 0x0000000084f00000|100%| O|  |TAMS 0x0000000084f00000, 0x0000000084e00000| Untracked 
|  31|0x0000000084f00000, 0x0000000085000000, 0x0000000085000000|100%| O|  |TAMS 0x0000000085000000, 0x0000000084f00000| Untracked 
|  32|0x0000000085000000, 0x0000000085100000, 0x0000000085100000|100%| O|  |TAMS 0x0000000085100000, 0x0000000085000000| Untracked 
|  33|0x0000000085100000, 0x0000000085200000, 0x0000000085200000|100%| O|  |TAMS 0x0000000085200000, 0x0000000085100000| Untracked 
|  34|0x0000000085200000, 0x0000000085300000, 0x0000000085300000|100%| O|  |TAMS 0x0000000085300000, 0x0000000085200000| Untracked 
|  35|0x0000000085300000, 0x0000000085400000, 0x0000000085400000|100%| O|  |TAMS 0x0000000085400000, 0x0000000085300000| Untracked 
|  36|0x0000000085400000, 0x0000000085500000, 0x0000000085500000|100%| O|  |TAMS 0x0000000085500000, 0x0000000085400000| Untracked 
|  37|0x0000000085500000, 0x0000000085600000, 0x0000000085600000|100%| O|  |TAMS 0x0000000085600000, 0x0000000085500000| Untracked 
|  38|0x0000000085600000, 0x0000000085700000, 0x0000000085700000|100%| O|  |TAMS 0x0000000085700000, 0x0000000085600000| Untracked 
|  39|0x0000000085700000, 0x0000000085800000, 0x0000000085800000|100%| O|  |TAMS 0x0000000085800000, 0x0000000085700000| Untracked 
|  40|0x0000000085800000, 0x0000000085900000, 0x0000000085900000|100%| O|  |TAMS 0x0000000085900000, 0x0000000085800000| Untracked 
|  41|0x0000000085900000, 0x0000000085a00000, 0x0000000085a00000|100%| O|  |TAMS 0x0000000085a00000, 0x0000000085900000| Untracked 
|  42|0x0000000085a00000, 0x0000000085b00000, 0x0000000085b00000|100%| O|  |TAMS 0x0000000085b00000, 0x0000000085a00000| Untracked 
|  43|0x0000000085b00000, 0x0000000085c00000, 0x0000000085c00000|100%| O|  |TAMS 0x0000000085c00000, 0x0000000085b00000| Untracked 
|  44|0x0000000085c00000, 0x0000000085d00000, 0x0000000085d00000|100%| O|  |TAMS 0x0000000085d00000, 0x0000000085c00000| Untracked 
|  45|0x0000000085d00000, 0x0000000085e00000, 0x0000000085e00000|100%| O|  |TAMS 0x0000000085e00000, 0x0000000085d00000| Untracked 
|  46|0x0000000085e00000, 0x0000000085f00000, 0x0000000085f00000|100%| O|  |TAMS 0x0000000085f00000, 0x0000000085e00000| Untracked 
|  47|0x0000000085f00000, 0x0000000086000000, 0x0000000086000000|100%| O|  |TAMS 0x0000000086000000, 0x0000000085f00000| Untracked 
|  48|0x0000000086000000, 0x0000000086100000, 0x0000000086100000|100%| O|  |TAMS 0x0000000086100000, 0x0000000086000000| Untracked 
|  49|0x0000000086100000, 0x0000000086200000, 0x0000000086200000|100%| O|  |TAMS 0x0000000086200000, 0x0000000086100000| Untracked 
|  50|0x0000000086200000, 0x0000000086300000, 0x0000000086300000|100%| O|  |TAMS 0x0000000086300000, 0x0000000086200000| Untracked 
|  51|0x0000000086300000, 0x0000000086400000, 0x0000000086400000|100%| O|  |TAMS 0x0000000086400000, 0x0000000086300000| Untracked 
|  52|0x0000000086400000, 0x0000000086500000, 0x0000000086500000|100%| O|  |TAMS 0x0000000086500000, 0x0000000086400000| Untracked 
|  53|0x0000000086500000, 0x0000000086600000, 0x0000000086600000|100%| O|  |TAMS 0x0000000086600000, 0x0000000086500000| Untracked 
|  54|0x0000000086600000, 0x0000000086700000, 0x0000000086700000|100%| O|  |TAMS 0x0000000086700000, 0x0000000086600000| Untracked 
|  55|0x0000000086700000, 0x0000000086800000, 0x0000000086800000|100%| O|  |TAMS 0x0000000086800000, 0x0000000086700000| Untracked 
|  56|0x0000000086800000, 0x0000000086900000, 0x0000000086900000|100%| O|  |TAMS 0x0000000086900000, 0x0000000086800000| Untracked 
|  57|0x0000000086900000, 0x0000000086a00000, 0x0000000086a00000|100%| O|  |TAMS 0x0000000086a00000, 0x0000000086900000| Untracked 
|  58|0x0000000086a00000, 0x0000000086b00000, 0x0000000086b00000|100%| O|  |TAMS 0x0000000086b00000, 0x0000000086a00000| Untracked 
|  59|0x0000000086b00000, 0x0000000086c00000, 0x0000000086c00000|100%| O|  |TAMS 0x0000000086c00000, 0x0000000086b00000| Untracked 
|  60|0x0000000086c00000, 0x0000000086d00000, 0x0000000086d00000|100%| O|  |TAMS 0x0000000086d00000, 0x0000000086c00000| Untracked 
|  61|0x0000000086d00000, 0x0000000086e00000, 0x0000000086e00000|100%| O|  |TAMS 0x0000000086e00000, 0x0000000086d00000| Untracked 
|  62|0x0000000086e00000, 0x0000000086f00000, 0x0000000086f00000|100%| O|  |TAMS 0x0000000086f00000, 0x0000000086e00000| Untracked 
|  63|0x0000000086f00000, 0x0000000087000000, 0x0000000087000000|100%| O|  |TAMS 0x0000000087000000, 0x0000000086f00000| Untracked 
|  64|0x0000000087000000, 0x0000000087100000, 0x0000000087100000|100%| O|  |TAMS 0x0000000087100000, 0x0000000087000000| Untracked 
|  65|0x0000000087100000, 0x0000000087200000, 0x0000000087200000|100%| O|  |TAMS 0x0000000087200000, 0x0000000087100000| Untracked 
|  66|0x0000000087200000, 0x0000000087300000, 0x0000000087300000|100%| O|  |TAMS 0x0000000087300000, 0x0000000087200000| Untracked 
|  67|0x0000000087300000, 0x0000000087400000, 0x0000000087400000|100%| O|  |TAMS 0x0000000087400000, 0x0000000087300000| Untracked 
|  68|0x0000000087400000, 0x0000000087500000, 0x0000000087500000|100%| O|  |TAMS 0x0000000087500000, 0x0000000087400000| Untracked 
|  69|0x0000000087500000, 0x0000000087600000, 0x0000000087600000|100%| O|  |TAMS 0x0000000087600000, 0x0000000087500000| Untracked 
|  70|0x0000000087600000, 0x0000000087700000, 0x0000000087700000|100%| O|  |TAMS 0x0000000087700000, 0x0000000087600000| Untracked 
|  71|0x0000000087700000, 0x0000000087800000, 0x0000000087800000|100%| O|  |TAMS 0x0000000087800000, 0x0000000087700000| Untracked 
|  72|0x0000000087800000, 0x0000000087900000, 0x0000000087900000|100%| O|  |TAMS 0x0000000087900000, 0x0000000087800000| Untracked 
|  73|0x0000000087900000, 0x0000000087a00000, 0x0000000087a00000|100%| O|  |TAMS 0x0000000087a00000, 0x0000000087900000| Untracked 
|  74|0x0000000087a00000, 0x0000000087b00000, 0x0000000087b00000|100%| O|  |TAMS 0x0000000087b00000, 0x0000000087a00000| Untracked 
|  75|0x0000000087b00000, 0x0000000087c00000, 0x0000000087c00000|100%| O|  |TAMS 0x0000000087c00000, 0x0000000087b00000| Untracked 
|  76|0x0000000087c00000, 0x0000000087d00000, 0x0000000087d00000|100%| O|  |TAMS 0x0000000087d00000, 0x0000000087c00000| Untracked 
|  77|0x0000000087d00000, 0x0000000087e00000, 0x0000000087e00000|100%| O|  |TAMS 0x0000000087e00000, 0x0000000087d00000| Untracked 
|  78|0x0000000087e00000, 0x0000000087e00000, 0x0000000087f00000|  0%| F|  |TAMS 0x0000000087e00000, 0x0000000087e00000| Untracked 
|  79|0x0000000087f00000, 0x0000000087f00000, 0x0000000088000000|  0%| F|  |TAMS 0x0000000087f00000, 0x0000000087f00000| Untracked 
|  80|0x0000000088000000, 0x0000000088100000, 0x0000000088100000|100%| O|  |TAMS 0x0000000088100000, 0x0000000088000000| Untracked 
|  81|0x0000000088100000, 0x0000000088200000, 0x0000000088200000|100%| O|  |TAMS 0x0000000088200000, 0x0000000088100000| Complete 
|  82|0x0000000088200000, 0x0000000088300000, 0x0000000088300000|100%| O|  |TAMS 0x0000000088300000, 0x0000000088200000| Untracked 
|  83|0x0000000088300000, 0x0000000088400000, 0x0000000088400000|100%| O|  |TAMS 0x0000000088400000, 0x0000000088300000| Untracked 
|  84|0x0000000088400000, 0x0000000088500000, 0x0000000088500000|100%| O|  |TAMS 0x0000000088500000, 0x0000000088400000| Untracked 
|  85|0x0000000088500000, 0x0000000088600000, 0x0000000088600000|100%| O|  |TAMS 0x0000000088600000, 0x0000000088500000| Complete 
|  86|0x0000000088600000, 0x0000000088700000, 0x0000000088700000|100%| O|  |TAMS 0x0000000088700000, 0x0000000088600000| Complete 
|  87|0x0000000088700000, 0x0000000088800000, 0x0000000088800000|100%| O|  |TAMS 0x0000000088800000, 0x0000000088700000| Untracked 
|  88|0x0000000088800000, 0x0000000088900000, 0x0000000088900000|100%| O|  |TAMS 0x0000000088900000, 0x0000000088800000| Untracked 
|  89|0x0000000088900000, 0x0000000088a00000, 0x0000000088a00000|100%| O|  |TAMS 0x0000000088a00000, 0x0000000088900000| Complete 
|  90|0x0000000088a00000, 0x0000000088b00000, 0x0000000088b00000|100%| O|  |TAMS 0x0000000088b00000, 0x0000000088a00000| Untracked 
|  91|0x0000000088b00000, 0x0000000088c00000, 0x0000000088c00000|100%| O|  |TAMS 0x0000000088c00000, 0x0000000088b00000| Untracked 
|  92|0x0000000088c00000, 0x0000000088d00000, 0x0000000088d00000|100%| O|  |TAMS 0x0000000088d00000, 0x0000000088c00000| Untracked 
|  93|0x0000000088d00000, 0x0000000088e00000, 0x0000000088e00000|100%| O|  |TAMS 0x0000000088e00000, 0x0000000088d00000| Untracked 
|  94|0x0000000088e00000, 0x0000000088f00000, 0x0000000088f00000|100%| O|  |TAMS 0x0000000088f00000, 0x0000000088e00000| Untracked 
|  95|0x0000000088f00000, 0x0000000089000000, 0x0000000089000000|100%| O|  |TAMS 0x0000000089000000, 0x0000000088f00000| Untracked 
|  96|0x0000000089000000, 0x0000000089100000, 0x0000000089100000|100%| O|  |TAMS 0x0000000089100000, 0x0000000089000000| Untracked 
|  97|0x0000000089100000, 0x0000000089200000, 0x0000000089200000|100%| O|  |TAMS 0x0000000089200000, 0x0000000089100000| Untracked 
|  98|0x0000000089200000, 0x0000000089300000, 0x0000000089300000|100%| O|  |TAMS 0x0000000089300000, 0x0000000089200000| Untracked 
|  99|0x0000000089300000, 0x0000000089400000, 0x0000000089400000|100%| O|  |TAMS 0x0000000089400000, 0x0000000089300000| Untracked 
| 100|0x0000000089400000, 0x0000000089500000, 0x0000000089500000|100%| O|  |TAMS 0x0000000089500000, 0x0000000089400000| Untracked 
| 101|0x0000000089500000, 0x0000000089600000, 0x0000000089600000|100%| O|  |TAMS 0x0000000089600000, 0x0000000089500000| Untracked 
| 102|0x0000000089600000, 0x0000000089700000, 0x0000000089700000|100%| O|  |TAMS 0x0000000089700000, 0x0000000089600000| Untracked 
| 103|0x0000000089700000, 0x0000000089800000, 0x0000000089800000|100%| O|  |TAMS 0x0000000089800000, 0x0000000089700000| Untracked 
| 104|0x0000000089800000, 0x0000000089900000, 0x0000000089900000|100%| O|  |TAMS 0x0000000089900000, 0x0000000089800000| Untracked 
| 105|0x0000000089900000, 0x0000000089a00000, 0x0000000089a00000|100%| O|  |TAMS 0x0000000089a00000, 0x0000000089900000| Untracked 
| 106|0x0000000089a00000, 0x0000000089b00000, 0x0000000089b00000|100%| O|  |TAMS 0x0000000089b00000, 0x0000000089a00000| Untracked 
| 107|0x0000000089b00000, 0x0000000089c00000, 0x0000000089c00000|100%| O|  |TAMS 0x0000000089c00000, 0x0000000089b00000| Untracked 
| 108|0x0000000089c00000, 0x0000000089d00000, 0x0000000089d00000|100%| O|  |TAMS 0x0000000089d00000, 0x0000000089c00000| Untracked 
| 109|0x0000000089d00000, 0x0000000089e00000, 0x0000000089e00000|100%| O|  |TAMS 0x0000000089e00000, 0x0000000089d00000| Untracked 
| 110|0x0000000089e00000, 0x0000000089f00000, 0x0000000089f00000|100%| O|  |TAMS 0x0000000089f00000, 0x0000000089e00000| Untracked 
| 111|0x0000000089f00000, 0x000000008a000000, 0x000000008a000000|100%| O|  |TAMS 0x000000008a000000, 0x0000000089f00000| Untracked 
| 112|0x000000008a000000, 0x000000008a100000, 0x000000008a100000|100%| O|  |TAMS 0x000000008a100000, 0x000000008a000000| Untracked 
| 113|0x000000008a100000, 0x000000008a200000, 0x000000008a200000|100%| O|  |TAMS 0x000000008a200000, 0x000000008a100000| Untracked 
| 114|0x000000008a200000, 0x000000008a300000, 0x000000008a300000|100%| O|  |TAMS 0x000000008a300000, 0x000000008a200000| Complete 
| 115|0x000000008a300000, 0x000000008a400000, 0x000000008a400000|100%| O|  |TAMS 0x000000008a400000, 0x000000008a300000| Untracked 
| 116|0x000000008a400000, 0x000000008a500000, 0x000000008a500000|100%| O|  |TAMS 0x000000008a500000, 0x000000008a400000| Untracked 
| 117|0x000000008a500000, 0x000000008a600000, 0x000000008a600000|100%| O|  |TAMS 0x000000008a600000, 0x000000008a500000| Untracked 
| 118|0x000000008a600000, 0x000000008a700000, 0x000000008a700000|100%| O|  |TAMS 0x000000008a700000, 0x000000008a600000| Untracked 
| 119|0x000000008a700000, 0x000000008a800000, 0x000000008a800000|100%| O|  |TAMS 0x000000008a800000, 0x000000008a700000| Untracked 
| 120|0x000000008a800000, 0x000000008a900000, 0x000000008a900000|100%| O|  |TAMS 0x000000008a900000, 0x000000008a800000| Untracked 
| 121|0x000000008a900000, 0x000000008aa00000, 0x000000008aa00000|100%| O|  |TAMS 0x000000008aa00000, 0x000000008a900000| Untracked 
| 122|0x000000008aa00000, 0x000000008ab00000, 0x000000008ab00000|100%| O|  |TAMS 0x000000008ab00000, 0x000000008aa00000| Untracked 
| 123|0x000000008ab00000, 0x000000008ac00000, 0x000000008ac00000|100%| O|  |TAMS 0x000000008ac00000, 0x000000008ab00000| Untracked 
| 124|0x000000008ac00000, 0x000000008ad00000, 0x000000008ad00000|100%| O|  |TAMS 0x000000008ac3f600, 0x000000008ac00000| Untracked 
| 125|0x000000008ad00000, 0x000000008adf0600, 0x000000008ae00000| 93%| O|  |TAMS 0x000000008ad00000, 0x000000008ad00000| Untracked 
| 126|0x000000008ae00000, 0x000000008ae00000, 0x000000008af00000|  0%| F|  |TAMS 0x000000008ae00000, 0x000000008ae00000| Untracked 
| 127|0x000000008af00000, 0x000000008af00000, 0x000000008b000000|  0%| F|  |TAMS 0x000000008af00000, 0x000000008af00000| Untracked 
| 128|0x000000008b000000, 0x000000008b000000, 0x000000008b100000|  0%| F|  |TAMS 0x000000008b000000, 0x000000008b000000| Untracked 
| 129|0x000000008b100000, 0x000000008b100000, 0x000000008b200000|  0%| F|  |TAMS 0x000000008b100000, 0x000000008b100000| Untracked 
| 130|0x000000008b200000, 0x000000008b200000, 0x000000008b300000|  0%| F|  |TAMS 0x000000008b200000, 0x000000008b200000| Untracked 
| 131|0x000000008b300000, 0x000000008b300000, 0x000000008b400000|  0%| F|  |TAMS 0x000000008b300000, 0x000000008b300000| Untracked 
| 132|0x000000008b400000, 0x000000008b400000, 0x000000008b500000|  0%| F|  |TAMS 0x000000008b400000, 0x000000008b400000| Untracked 
| 133|0x000000008b500000, 0x000000008b500000, 0x000000008b600000|  0%| F|  |TAMS 0x000000008b500000, 0x000000008b500000| Untracked 
| 134|0x000000008b600000, 0x000000008b600000, 0x000000008b700000|  0%| F|  |TAMS 0x000000008b600000, 0x000000008b600000| Untracked 
| 135|0x000000008b700000, 0x000000008b700000, 0x000000008b800000|  0%| F|  |TAMS 0x000000008b700000, 0x000000008b700000| Untracked 
| 136|0x000000008b800000, 0x000000008b800000, 0x000000008b900000|  0%| F|  |TAMS 0x000000008b800000, 0x000000008b800000| Untracked 
| 137|0x000000008b900000, 0x000000008b900000, 0x000000008ba00000|  0%| F|  |TAMS 0x000000008b900000, 0x000000008b900000| Untracked 
| 138|0x000000008ba00000, 0x000000008ba00000, 0x000000008bb00000|  0%| F|  |TAMS 0x000000008ba00000, 0x000000008ba00000| Untracked 
| 139|0x000000008bb00000, 0x000000008bb00000, 0x000000008bc00000|  0%| F|  |TAMS 0x000000008bb00000, 0x000000008bb00000| Untracked 
| 140|0x000000008bc00000, 0x000000008bc00000, 0x000000008bd00000|  0%| F|  |TAMS 0x000000008bc00000, 0x000000008bc00000| Untracked 
| 141|0x000000008bd00000, 0x000000008bd00000, 0x000000008be00000|  0%| F|  |TAMS 0x000000008bd00000, 0x000000008bd00000| Untracked 
| 142|0x000000008be00000, 0x000000008be00000, 0x000000008bf00000|  0%| F|  |TAMS 0x000000008be00000, 0x000000008be00000| Untracked 
| 143|0x000000008bf00000, 0x000000008bf00000, 0x000000008c000000|  0%| F|  |TAMS 0x000000008bf00000, 0x000000008bf00000| Untracked 
| 144|0x000000008c000000, 0x000000008c000000, 0x000000008c100000|  0%| F|  |TAMS 0x000000008c000000, 0x000000008c000000| Untracked 
| 145|0x000000008c100000, 0x000000008c100000, 0x000000008c200000|  0%| F|  |TAMS 0x000000008c100000, 0x000000008c100000| Untracked 
| 146|0x000000008c200000, 0x000000008c200000, 0x000000008c300000|  0%| F|  |TAMS 0x000000008c200000, 0x000000008c200000| Untracked 
| 147|0x000000008c300000, 0x000000008c300000, 0x000000008c400000|  0%| F|  |TAMS 0x000000008c300000, 0x000000008c300000| Untracked 
| 148|0x000000008c400000, 0x000000008c400000, 0x000000008c500000|  0%| F|  |TAMS 0x000000008c400000, 0x000000008c400000| Untracked 
| 149|0x000000008c500000, 0x000000008c500000, 0x000000008c600000|  0%| F|  |TAMS 0x000000008c500000, 0x000000008c500000| Untracked 
| 150|0x000000008c600000, 0x000000008c6e3a80, 0x000000008c700000| 88%| S|CS|TAMS 0x000000008c600000, 0x000000008c600000| Complete 
| 151|0x000000008c700000, 0x000000008c800000, 0x000000008c800000|100%| S|CS|TAMS 0x000000008c700000, 0x000000008c700000| Complete 
| 152|0x000000008c800000, 0x000000008c900000, 0x000000008c900000|100%| S|CS|TAMS 0x000000008c800000, 0x000000008c800000| Complete 
| 153|0x000000008c900000, 0x000000008ca00000, 0x000000008ca00000|100%| S|CS|TAMS 0x000000008c900000, 0x000000008c900000| Complete 
| 154|0x000000008ca00000, 0x000000008cb00000, 0x000000008cb00000|100%| S|CS|TAMS 0x000000008ca00000, 0x000000008ca00000| Complete 
| 155|0x000000008cb00000, 0x000000008cb00000, 0x000000008cc00000|  0%| F|  |TAMS 0x000000008cb00000, 0x000000008cb00000| Untracked 
| 156|0x000000008cc00000, 0x000000008cc00000, 0x000000008cd00000|  0%| F|  |TAMS 0x000000008cc00000, 0x000000008cc00000| Untracked 
| 157|0x000000008cd00000, 0x000000008cd00000, 0x000000008ce00000|  0%| F|  |TAMS 0x000000008cd00000, 0x000000008cd00000| Untracked 
| 158|0x000000008ce00000, 0x000000008ce00000, 0x000000008cf00000|  0%| F|  |TAMS 0x000000008ce00000, 0x000000008ce00000| Untracked 
| 159|0x000000008cf00000, 0x000000008cf00000, 0x000000008d000000|  0%| F|  |TAMS 0x000000008cf00000, 0x000000008cf00000| Untracked 
| 160|0x000000008d000000, 0x000000008d000000, 0x000000008d100000|  0%| F|  |TAMS 0x000000008d000000, 0x000000008d000000| Untracked 
| 161|0x000000008d100000, 0x000000008d100000, 0x000000008d200000|  0%| F|  |TAMS 0x000000008d100000, 0x000000008d100000| Untracked 
| 162|0x000000008d200000, 0x000000008d200000, 0x000000008d300000|  0%| F|  |TAMS 0x000000008d200000, 0x000000008d200000| Untracked 
| 163|0x000000008d300000, 0x000000008d300000, 0x000000008d400000|  0%| F|  |TAMS 0x000000008d300000, 0x000000008d300000| Untracked 
| 164|0x000000008d400000, 0x000000008d400000, 0x000000008d500000|  0%| F|  |TAMS 0x000000008d400000, 0x000000008d400000| Untracked 
| 165|0x000000008d500000, 0x000000008d500000, 0x000000008d600000|  0%| F|  |TAMS 0x000000008d500000, 0x000000008d500000| Untracked 
| 166|0x000000008d600000, 0x000000008d600000, 0x000000008d700000|  0%| F|  |TAMS 0x000000008d600000, 0x000000008d600000| Untracked 
| 167|0x000000008d700000, 0x000000008d700000, 0x000000008d800000|  0%| F|  |TAMS 0x000000008d700000, 0x000000008d700000| Untracked 
| 168|0x000000008d800000, 0x000000008d800000, 0x000000008d900000|  0%| F|  |TAMS 0x000000008d800000, 0x000000008d800000| Untracked 
| 169|0x000000008d900000, 0x000000008d900000, 0x000000008da00000|  0%| F|  |TAMS 0x000000008d900000, 0x000000008d900000| Untracked 
| 170|0x000000008da00000, 0x000000008da00000, 0x000000008db00000|  0%| F|  |TAMS 0x000000008da00000, 0x000000008da00000| Untracked 
| 171|0x000000008db00000, 0x000000008db00000, 0x000000008dc00000|  0%| F|  |TAMS 0x000000008db00000, 0x000000008db00000| Untracked 
| 172|0x000000008dc00000, 0x000000008dc00000, 0x000000008dd00000|  0%| F|  |TAMS 0x000000008dc00000, 0x000000008dc00000| Untracked 
| 173|0x000000008dd00000, 0x000000008dd00000, 0x000000008de00000|  0%| F|  |TAMS 0x000000008dd00000, 0x000000008dd00000| Untracked 
| 174|0x000000008de00000, 0x000000008de00000, 0x000000008df00000|  0%| F|  |TAMS 0x000000008de00000, 0x000000008de00000| Untracked 
| 175|0x000000008df00000, 0x000000008df00000, 0x000000008e000000|  0%| F|  |TAMS 0x000000008df00000, 0x000000008df00000| Untracked 
| 176|0x000000008e000000, 0x000000008e000000, 0x000000008e100000|  0%| F|  |TAMS 0x000000008e000000, 0x000000008e000000| Untracked 
| 177|0x000000008e100000, 0x000000008e100000, 0x000000008e200000|  0%| F|  |TAMS 0x000000008e100000, 0x000000008e100000| Untracked 
| 178|0x000000008e200000, 0x000000008e200000, 0x000000008e300000|  0%| F|  |TAMS 0x000000008e200000, 0x000000008e200000| Untracked 
| 179|0x000000008e300000, 0x000000008e400000, 0x000000008e400000|100%| E|CS|TAMS 0x000000008e300000, 0x000000008e300000| Complete 
| 180|0x000000008e400000, 0x000000008e500000, 0x000000008e500000|100%| E|CS|TAMS 0x000000008e400000, 0x000000008e400000| Complete 
| 181|0x000000008e500000, 0x000000008e600000, 0x000000008e600000|100%| E|CS|TAMS 0x000000008e500000, 0x000000008e500000| Complete 
| 182|0x000000008e600000, 0x000000008e700000, 0x000000008e700000|100%| E|CS|TAMS 0x000000008e600000, 0x000000008e600000| Complete 
| 183|0x000000008e700000, 0x000000008e800000, 0x000000008e800000|100%| E|CS|TAMS 0x000000008e700000, 0x000000008e700000| Complete 
| 184|0x000000008e800000, 0x000000008e800000, 0x000000008e900000|  0%| F|  |TAMS 0x000000008e800000, 0x000000008e800000| Untracked 
| 185|0x000000008e900000, 0x000000008e900000, 0x000000008ea00000|  0%| F|  |TAMS 0x000000008e900000, 0x000000008e900000| Untracked 
| 186|0x000000008ea00000, 0x000000008ea00000, 0x000000008eb00000|  0%| F|  |TAMS 0x000000008ea00000, 0x000000008ea00000| Untracked 
| 187|0x000000008eb00000, 0x000000008eb00000, 0x000000008ec00000|  0%| F|  |TAMS 0x000000008eb00000, 0x000000008eb00000| Untracked 
| 188|0x000000008ec00000, 0x000000008ec00000, 0x000000008ed00000|  0%| F|  |TAMS 0x000000008ec00000, 0x000000008ec00000| Untracked 
| 189|0x000000008ed00000, 0x000000008ed00000, 0x000000008ee00000|  0%| F|  |TAMS 0x000000008ed00000, 0x000000008ed00000| Untracked 
| 190|0x000000008ee00000, 0x000000008ee00000, 0x000000008ef00000|  0%| F|  |TAMS 0x000000008ee00000, 0x000000008ee00000| Untracked 
| 191|0x000000008ef00000, 0x000000008ef00000, 0x000000008f000000|  0%| F|  |TAMS 0x000000008ef00000, 0x000000008ef00000| Untracked 
| 192|0x000000008f000000, 0x000000008f000000, 0x000000008f100000|  0%| F|  |TAMS 0x000000008f000000, 0x000000008f000000| Untracked 
| 193|0x000000008f100000, 0x000000008f100000, 0x000000008f200000|  0%| F|  |TAMS 0x000000008f100000, 0x000000008f100000| Untracked 
| 194|0x000000008f200000, 0x000000008f200000, 0x000000008f300000|  0%| F|  |TAMS 0x000000008f200000, 0x000000008f200000| Untracked 
| 195|0x000000008f300000, 0x000000008f300000, 0x000000008f400000|  0%| F|  |TAMS 0x000000008f300000, 0x000000008f300000| Untracked 
| 196|0x000000008f400000, 0x000000008f400000, 0x000000008f500000|  0%| F|  |TAMS 0x000000008f400000, 0x000000008f400000| Untracked 
| 197|0x000000008f500000, 0x000000008f500000, 0x000000008f600000|  0%| F|  |TAMS 0x000000008f500000, 0x000000008f500000| Untracked 
| 198|0x000000008f600000, 0x000000008f600000, 0x000000008f700000|  0%| F|  |TAMS 0x000000008f600000, 0x000000008f600000| Untracked 
| 199|0x000000008f700000, 0x000000008f700000, 0x000000008f800000|  0%| F|  |TAMS 0x000000008f700000, 0x000000008f700000| Untracked 
| 200|0x000000008f800000, 0x000000008f800000, 0x000000008f900000|  0%| F|  |TAMS 0x000000008f800000, 0x000000008f800000| Untracked 
| 201|0x000000008f900000, 0x000000008f900000, 0x000000008fa00000|  0%| F|  |TAMS 0x000000008f900000, 0x000000008f900000| Untracked 
| 202|0x000000008fa00000, 0x000000008fa00000, 0x000000008fb00000|  0%| F|  |TAMS 0x000000008fa00000, 0x000000008fa00000| Untracked 
| 203|0x000000008fb00000, 0x000000008fb00000, 0x000000008fc00000|  0%| F|  |TAMS 0x000000008fb00000, 0x000000008fb00000| Untracked 
| 204|0x000000008fc00000, 0x000000008fc00000, 0x000000008fd00000|  0%| F|  |TAMS 0x000000008fc00000, 0x000000008fc00000| Untracked 
| 205|0x000000008fd00000, 0x000000008fd00000, 0x000000008fe00000|  0%| F|  |TAMS 0x000000008fd00000, 0x000000008fd00000| Untracked 
| 206|0x000000008fe00000, 0x000000008ff00000, 0x000000008ff00000|100%| E|  |TAMS 0x000000008fe00000, 0x000000008fe00000| Complete 
| 207|0x000000008ff00000, 0x0000000090000000, 0x0000000090000000|100%| E|CS|TAMS 0x000000008ff00000, 0x000000008ff00000| Complete 
| 208|0x0000000090000000, 0x0000000090100000, 0x0000000090100000|100%| E|CS|TAMS 0x0000000090000000, 0x0000000090000000| Complete 
| 209|0x0000000090100000, 0x0000000090200000, 0x0000000090200000|100%| E|CS|TAMS 0x0000000090100000, 0x0000000090100000| Complete 
| 210|0x0000000090200000, 0x0000000090300000, 0x0000000090300000|100%| E|CS|TAMS 0x0000000090200000, 0x0000000090200000| Complete 
| 211|0x0000000090300000, 0x0000000090400000, 0x0000000090400000|100%| E|CS|TAMS 0x0000000090300000, 0x0000000090300000| Complete 
| 212|0x0000000090400000, 0x0000000090500000, 0x0000000090500000|100%| E|CS|TAMS 0x0000000090400000, 0x0000000090400000| Complete 
| 213|0x0000000090500000, 0x0000000090600000, 0x0000000090600000|100%| E|CS|TAMS 0x0000000090500000, 0x0000000090500000| Complete 
| 214|0x0000000090600000, 0x0000000090700000, 0x0000000090700000|100%| E|CS|TAMS 0x0000000090600000, 0x0000000090600000| Complete 
| 215|0x0000000090700000, 0x0000000090800000, 0x0000000090800000|100%| E|CS|TAMS 0x0000000090700000, 0x0000000090700000| Complete 
| 216|0x0000000090800000, 0x0000000090900000, 0x0000000090900000|100%| E|CS|TAMS 0x0000000090800000, 0x0000000090800000| Complete 
| 217|0x0000000090900000, 0x0000000090a00000, 0x0000000090a00000|100%| E|CS|TAMS 0x0000000090900000, 0x0000000090900000| Complete 
| 218|0x0000000090a00000, 0x0000000090b00000, 0x0000000090b00000|100%| E|CS|TAMS 0x0000000090a00000, 0x0000000090a00000| Complete 
| 219|0x0000000090b00000, 0x0000000090c00000, 0x0000000090c00000|100%| E|CS|TAMS 0x0000000090b00000, 0x0000000090b00000| Complete 
| 220|0x0000000090c00000, 0x0000000090d00000, 0x0000000090d00000|100%| E|CS|TAMS 0x0000000090c00000, 0x0000000090c00000| Complete 
| 221|0x0000000090d00000, 0x0000000090e00000, 0x0000000090e00000|100%| E|CS|TAMS 0x0000000090d00000, 0x0000000090d00000| Complete 
| 222|0x0000000090e00000, 0x0000000090f00000, 0x0000000090f00000|100%| E|CS|TAMS 0x0000000090e00000, 0x0000000090e00000| Complete 
| 223|0x0000000090f00000, 0x0000000091000000, 0x0000000091000000|100%| E|CS|TAMS 0x0000000090f00000, 0x0000000090f00000| Complete 
|1999|0x00000000fff00000, 0x0000000100000000, 0x0000000100000000|100%| O|  |TAMS 0x0000000100000000, 0x00000000fff00000| Untracked 

Card table byte_map: [0x0000025df44d0000,0x0000025df48c0000] _byte_map_base: 0x0000025df40b8000

Marking Bits (Prev, Next): (CMBitMap*) 0x0000025ddd6480d0, (CMBitMap*) 0x0000025ddd648110
 Prev Bits: [0x0000025df4cb0000, 0x0000025df6bf0000)
 Next Bits: [0x0000025df6bf0000, 0x0000025df8b30000)

Polling page: 0x0000025ddb5c0000

Metaspace:

Usage:
  Non-class:     74.13 MB used.
      Class:      8.74 MB used.
       Both:     82.87 MB used.

Virtual space:
  Non-class space:      128.00 MB reserved,      74.31 MB ( 58%) committed,  2 nodes.
      Class space:        1.00 GB reserved,       8.94 MB ( <1%) committed,  1 nodes.
             Both:        1.12 GB reserved,      83.25 MB (  7%) committed. 

Chunk freelists:
   Non-Class:  4.78 MB
       Class:  7.05 MB
        Both:  11.83 MB

MaxMetaspaceSize: unlimited
CompressedClassSpaceSize: 1.00 GB
Initial GC threshold: 21.00 MB
Current GC threshold: 138.44 MB
CDS: on
MetaspaceReclaimPolicy: balanced
 - commit_granule_bytes: 65536.
 - commit_granule_words: 8192.
 - virtual_space_node_default_size: 8388608.
 - enlarge_chunks_in_place: 1.
 - new_chunks_are_fully_committed: 0.
 - uncommit_free_chunks: 1.
 - use_allocation_guard: 0.
 - handle_deallocations: 1.


Internal statistics:

num_allocs_failed_limit: 6.
num_arena_births: 412.
num_arena_deaths: 0.
num_vsnodes_births: 3.
num_vsnodes_deaths: 0.
num_space_committed: 1330.
num_space_uncommitted: 0.
num_chunks_returned_to_freelist: 6.
num_chunks_taken_from_freelist: 3426.
num_chunk_merges: 6.
num_chunk_splits: 2798.
num_chunks_enlarged: 2472.
num_inconsistent_stats: 0.

CodeHeap 'non-profiled nmethods': size=120000Kb used=11834Kb max_used=11834Kb free=108165Kb
 bounds [0x0000025decbb0000, 0x0000025ded740000, 0x0000025df40e0000]
CodeHeap 'profiled nmethods': size=120000Kb used=52292Kb max_used=52292Kb free=67707Kb
 bounds [0x0000025de50e0000, 0x0000025de8400000, 0x0000025dec610000]
CodeHeap 'non-nmethods': size=5760Kb used=1423Kb max_used=1480Kb free=4336Kb
 bounds [0x0000025dec610000, 0x0000025dec880000, 0x0000025decbb0000]
 total_blobs=17679 nmethods=16928 adapters=658
 compilation: enabled
              stopped_count=0, restarted_count=0
 full_count=0

Compilation events (20 events):
Event: 282.365 Thread 0x0000025dc5118410 21676       3       org.jetbrains.kotlin.codegen.optimization.CapturedVarsOptimizationMethodTransformer::transform (25 bytes)
Event: 282.367 Thread 0x0000025dc5118410 nmethod 21676 0x0000025de83e0690 code [0x0000025de83e0940, 0x0000025de83e1478]
Event: 282.367 Thread 0x0000025dc5118410 21678       3       org.jetbrains.kotlin.codegen.optimization.nullCheck.RedundantNullCheckMethodTransformer::transform (34 bytes)
Event: 282.368 Thread 0x0000025dc5118410 nmethod 21678 0x0000025de83e1890 code [0x0000025de83e1b40, 0x0000025de83e2758]
Event: 282.368 Thread 0x0000025dc5118410 21677       3       org.jetbrains.kotlin.codegen.optimization.CapturedVarsOptimizationMethodTransformer$Transformer::<init> (49 bytes)
Event: 282.374 Thread 0x0000025dc5118410 nmethod 21677 0x0000025de83e2b90 code [0x0000025de83e2e80, 0x0000025de83e3ef8]
Event: 282.382 Thread 0x0000025dc5118410 21680       3       org.jetbrains.kotlin.codegen.optimization.boxing.StackPeepholeOptimizationsTransformer::transform (25 bytes)
Event: 282.384 Thread 0x0000025dc5118410 nmethod 21680 0x0000025de83e4490 code [0x0000025de83e4720, 0x0000025de83e5268]
Event: 282.384 Thread 0x0000025dc5118410 21681       3       org.jetbrains.kotlin.codegen.optimization.boxing.PopBackwardPropagationTransformer::transform (151 bytes)
Event: 282.390 Thread 0x0000025dc5118410 nmethod 21681 0x0000025de83e5690 code [0x0000025de83e5aa0, 0x0000025de83e7768]
Event: 282.390 Thread 0x0000025dc5118410 21679       3       org.jetbrains.kotlin.codegen.optimization.ConstantConditionEliminationMethodTransformer::transform (39 bytes)
Event: 282.393 Thread 0x0000025dc5118410 nmethod 21679 0x0000025de83e8010 code [0x0000025de83e83e0, 0x0000025de83e9b18]
Event: 282.393 Thread 0x0000025dc5118410 21683       3       org.jetbrains.org.objectweb.asm.MethodWriter::visitCode (1 bytes)
Event: 282.393 Thread 0x0000025dc5118410 nmethod 21683 0x0000025de83ea310 code [0x0000025de83ea4a0, 0x0000025de83ea5b8]
Event: 282.393 Thread 0x0000025dc5118410 21684       3       org.jetbrains.org.objectweb.asm.MethodWriter::visitMaxs (60 bytes)
Event: 282.393 Thread 0x0000025dca0ed9e0 21685       4       org.jetbrains.kotlin.codegen.optimization.common.OptimizationBasicInterpreter::newValue (145 bytes)
Event: 282.394 Thread 0x0000025dc5118410 nmethod 21684 0x0000025de83ea690 code [0x0000025de83ea860, 0x0000025de83eab38]
Event: 282.394 Thread 0x0000025dc5118410 21682       3       org.jetbrains.kotlin.codegen.optimization.OptimizationMethodVisitor$Companion::canBeOptimizedUsingSourceInterpreter (75 bytes)
Event: 282.395 Thread 0x0000025dc5118410 nmethod 21682 0x0000025de83eac10 code [0x0000025de83eae80, 0x0000025de83eb868]
Event: 282.397 Thread 0x0000025dca0ed9e0 nmethod 21685 0x0000025ded73d790 code [0x0000025ded73d920, 0x0000025ded73dab8]

GC Heap History (20 events):
Event: 256.821 GC heap before
{Heap before GC invocations=61 (full 0):
 garbage-first heap   total 189440K, used 151724K [0x0000000083000000, 0x0000000100000000)
  region size 1024K, 33 young (33792K), 1 survivors (1024K)
 Metaspace       used 75739K, committed 76096K, reserved 1179648K
  class space    used 8304K, committed 8512K, reserved 1048576K
}
Event: 256.836 GC heap after
{Heap after GC invocations=62 (full 0):
 garbage-first heap   total 189440K, used 121862K [0x0000000083000000, 0x0000000100000000)
  region size 1024K, 4 young (4096K), 4 survivors (4096K)
 Metaspace       used 75739K, committed 76096K, reserved 1179648K
  class space    used 8304K, committed 8512K, reserved 1048576K
}
Event: 259.112 GC heap before
{Heap before GC invocations=62 (full 0):
 garbage-first heap   total 189440K, used 153606K [0x0000000083000000, 0x0000000100000000)
  region size 1024K, 35 young (35840K), 4 survivors (4096K)
 Metaspace       used 77358K, committed 77760K, reserved 1179648K
  class space    used 8454K, committed 8640K, reserved 1048576K
}
Event: 259.127 GC heap after
{Heap after GC invocations=63 (full 0):
 garbage-first heap   total 189440K, used 123365K [0x0000000083000000, 0x0000000100000000)
  region size 1024K, 2 young (2048K), 2 survivors (2048K)
 Metaspace       used 77358K, committed 77760K, reserved 1179648K
  class space    used 8454K, committed 8640K, reserved 1048576K
}
Event: 262.193 GC heap before
{Heap before GC invocations=63 (full 0):
 garbage-first heap   total 189440K, used 156133K [0x0000000083000000, 0x0000000100000000)
  region size 1024K, 34 young (34816K), 2 survivors (2048K)
 Metaspace       used 78240K, committed 78656K, reserved 1179648K
  class space    used 8512K, committed 8704K, reserved 1048576K
}
Event: 262.206 GC heap after
{Heap after GC invocations=64 (full 0):
 garbage-first heap   total 189440K, used 124476K [0x0000000083000000, 0x0000000100000000)
  region size 1024K, 3 young (3072K), 3 survivors (3072K)
 Metaspace       used 78240K, committed 78656K, reserved 1179648K
  class space    used 8512K, committed 8704K, reserved 1048576K
}
Event: 264.549 GC heap before
{Heap before GC invocations=64 (full 0):
 garbage-first heap   total 189440K, used 157244K [0x0000000083000000, 0x0000000100000000)
  region size 1024K, 35 young (35840K), 3 survivors (3072K)
 Metaspace       used 78572K, committed 78912K, reserved 1179648K
  class space    used 8537K, committed 8704K, reserved 1048576K
}
Event: 264.564 GC heap after
{Heap after GC invocations=65 (full 0):
 garbage-first heap   total 189440K, used 125728K [0x0000000083000000, 0x0000000100000000)
  region size 1024K, 4 young (4096K), 4 survivors (4096K)
 Metaspace       used 78572K, committed 78912K, reserved 1179648K
  class space    used 8537K, committed 8704K, reserved 1048576K
}
Event: 266.297 GC heap before
{Heap before GC invocations=65 (full 0):
 garbage-first heap   total 189440K, used 158496K [0x0000000083000000, 0x0000000100000000)
  region size 1024K, 36 young (36864K), 4 survivors (4096K)
 Metaspace       used 78727K, committed 79104K, reserved 1179648K
  class space    used 8539K, committed 8704K, reserved 1048576K
}
Event: 266.325 GC heap after
{Heap after GC invocations=66 (full 0):
 garbage-first heap   total 189440K, used 126848K [0x0000000083000000, 0x0000000100000000)
  region size 1024K, 3 young (3072K), 3 survivors (3072K)
 Metaspace       used 78727K, committed 79104K, reserved 1179648K
  class space    used 8539K, committed 8704K, reserved 1048576K
}
Event: 268.379 GC heap before
{Heap before GC invocations=66 (full 0):
 garbage-first heap   total 189440K, used 159616K [0x0000000083000000, 0x0000000100000000)
  region size 1024K, 35 young (35840K), 3 survivors (3072K)
 Metaspace       used 79042K, committed 79424K, reserved 1179648K
  class space    used 8559K, committed 8768K, reserved 1048576K
}
Event: 268.398 GC heap after
{Heap after GC invocations=67 (full 0):
 garbage-first heap   total 189440K, used 128102K [0x0000000083000000, 0x0000000100000000)
  region size 1024K, 4 young (4096K), 4 survivors (4096K)
 Metaspace       used 79042K, committed 79424K, reserved 1179648K
  class space    used 8559K, committed 8768K, reserved 1048576K
}
Event: 269.529 GC heap before
{Heap before GC invocations=67 (full 0):
 garbage-first heap   total 189440K, used 160870K [0x0000000083000000, 0x0000000100000000)
  region size 1024K, 36 young (36864K), 4 survivors (4096K)
 Metaspace       used 79264K, committed 79680K, reserved 1179648K
  class space    used 8572K, committed 8768K, reserved 1048576K
}
Event: 269.545 GC heap after
{Heap after GC invocations=68 (full 0):
 garbage-first heap   total 189440K, used 128654K [0x0000000083000000, 0x0000000100000000)
  region size 1024K, 3 young (3072K), 3 survivors (3072K)
 Metaspace       used 79264K, committed 79680K, reserved 1179648K
  class space    used 8572K, committed 8768K, reserved 1048576K
}
Event: 271.596 GC heap before
{Heap before GC invocations=68 (full 0):
 garbage-first heap   total 189440K, used 162446K [0x0000000083000000, 0x0000000100000000)
  region size 1024K, 36 young (36864K), 3 survivors (3072K)
 Metaspace       used 81378K, committed 81792K, reserved 1179648K
  class space    used 8752K, committed 8960K, reserved 1048576K
}
Event: 271.614 GC heap after
{Heap after GC invocations=69 (full 0):
 garbage-first heap   total 189440K, used 129950K [0x0000000083000000, 0x0000000100000000)
  region size 1024K, 3 young (3072K), 3 survivors (3072K)
 Metaspace       used 81378K, committed 81792K, reserved 1179648K
  class space    used 8752K, committed 8960K, reserved 1048576K
}
Event: 276.225 GC heap before
{Heap before GC invocations=69 (full 0):
 garbage-first heap   total 189440K, used 162718K [0x0000000083000000, 0x0000000100000000)
  region size 1024K, 36 young (36864K), 3 survivors (3072K)
 Metaspace       used 84115K, committed 84480K, reserved 1179648K
  class space    used 8928K, committed 9088K, reserved 1048576K
}
Event: 276.246 GC heap after
{Heap after GC invocations=70 (full 0):
 garbage-first heap   total 189440K, used 132789K [0x0000000083000000, 0x0000000100000000)
  region size 1024K, 5 young (5120K), 5 survivors (5120K)
 Metaspace       used 84115K, committed 84480K, reserved 1179648K
  class space    used 8928K, committed 9088K, reserved 1048576K
}
Event: 279.901 GC heap before
{Heap before GC invocations=70 (full 0):
 garbage-first heap   total 189440K, used 162485K [0x0000000083000000, 0x0000000100000000)
  region size 1024K, 34 young (34816K), 5 survivors (5120K)
 Metaspace       used 84617K, committed 84992K, reserved 1179648K
  class space    used 8944K, committed 9152K, reserved 1048576K
}
Event: 279.923 GC heap after
{Heap after GC invocations=71 (full 0):
 garbage-first heap   total 189440K, used 134992K [0x0000000083000000, 0x0000000100000000)
  region size 1024K, 5 young (5120K), 5 survivors (5120K)
 Metaspace       used 84617K, committed 84992K, reserved 1179648K
  class space    used 8944K, committed 9152K, reserved 1048576K
}

Dll operation events (7 events):
Event: 0.024 Loaded shared library C:\Program Files\Microsoft\jdk-17.0.8.7-hotspot\bin\java.dll
Event: 0.947 Loaded shared library C:\Program Files\Microsoft\jdk-17.0.8.7-hotspot\bin\jsvml.dll
Event: 1.826 Loaded shared library C:\Program Files\Microsoft\jdk-17.0.8.7-hotspot\bin\net.dll
Event: 1.833 Loaded shared library C:\Program Files\Microsoft\jdk-17.0.8.7-hotspot\bin\nio.dll
Event: 3.006 Loaded shared library C:\Program Files\Microsoft\jdk-17.0.8.7-hotspot\bin\zip.dll
Event: 3.359 Loaded shared library C:\Program Files\Microsoft\jdk-17.0.8.7-hotspot\bin\jimage.dll
Event: 22.699 Loaded shared library C:\Program Files\Microsoft\jdk-17.0.8.7-hotspot\bin\verify.dll

Deoptimization events (20 events):
Event: 281.094 Thread 0x0000025ddd5eede0 DEOPT PACKING pc=0x0000025ded70fed8 sp=0x00000062fcafe2c0
Event: 281.094 Thread 0x0000025ddd5eede0 DEOPT UNPACKING pc=0x0000025dec66699d sp=0x00000062fcafe228 mode 2
Event: 281.181 Thread 0x0000025ddd5eede0 DEOPT PACKING pc=0x0000025de805955d sp=0x00000062fcafd9a0
Event: 281.181 Thread 0x0000025ddd5eede0 DEOPT UNPACKING pc=0x0000025dec667124 sp=0x00000062fcafcf28 mode 0
Event: 281.449 Thread 0x0000025ddd5eede0 DEOPT PACKING pc=0x0000025de805955d sp=0x00000062fcafdc70
Event: 281.449 Thread 0x0000025ddd5eede0 DEOPT UNPACKING pc=0x0000025dec667124 sp=0x00000062fcafd1f8 mode 0
Event: 281.589 Thread 0x0000025ddd5eede0 Uncommon trap: trap_request=0xffffff66 fr.pc=0x0000025ded70fed8 relative=0x00000000000018f8
Event: 281.589 Thread 0x0000025ddd5eede0 Uncommon trap: reason=speculate_class_check action=maybe_recompile pc=0x0000025ded70fed8 method=org.jetbrains.kotlin.ir.util.IrFakeOverrideUtilsKt.isFakeOverride(Lorg/jetbrains/kotlin/ir/declarations/IrDeclaration;)Z @ 9 c2
Event: 281.589 Thread 0x0000025ddd5eede0 DEOPT PACKING pc=0x0000025ded70fed8 sp=0x00000062fcafe210
Event: 281.589 Thread 0x0000025ddd5eede0 DEOPT UNPACKING pc=0x0000025dec66699d sp=0x00000062fcafe178 mode 2
Event: 281.739 Thread 0x0000025ddd5eede0 Uncommon trap: trap_request=0xffffffde fr.pc=0x0000025ded631850 relative=0x0000000000000830
Event: 281.739 Thread 0x0000025ddd5eede0 Uncommon trap: reason=class_check action=maybe_recompile pc=0x0000025ded631850 method=org.jetbrains.kotlin.codegen.signature.JvmSignatureWriter.writeAsmType(Lorg/jetbrains/org/objectweb/asm/Type;)V @ 51 c2
Event: 281.739 Thread 0x0000025ddd5eede0 DEOPT PACKING pc=0x0000025ded631850 sp=0x00000062fcafdc60
Event: 281.739 Thread 0x0000025ddd5eede0 DEOPT UNPACKING pc=0x0000025dec66699d sp=0x00000062fcafdc50 mode 2
Event: 281.792 Thread 0x0000025ddd5eede0 Uncommon trap: trap_request=0xffffff66 fr.pc=0x0000025ded70fed8 relative=0x00000000000018f8
Event: 281.792 Thread 0x0000025ddd5eede0 Uncommon trap: reason=speculate_class_check action=maybe_recompile pc=0x0000025ded70fed8 method=org.jetbrains.kotlin.ir.util.IrFakeOverrideUtilsKt.isFakeOverride(Lorg/jetbrains/kotlin/ir/declarations/IrDeclaration;)Z @ 9 c2
Event: 281.793 Thread 0x0000025ddd5eede0 DEOPT PACKING pc=0x0000025ded70fed8 sp=0x00000062fcafe2c0
Event: 281.793 Thread 0x0000025ddd5eede0 DEOPT UNPACKING pc=0x0000025dec66699d sp=0x00000062fcafe228 mode 2
Event: 281.824 Thread 0x0000025ddd5eede0 DEOPT PACKING pc=0x0000025de55cdbcb sp=0x00000062fcafdb80
Event: 281.824 Thread 0x0000025ddd5eede0 DEOPT UNPACKING pc=0x0000025dec667124 sp=0x00000062fcafd0a0 mode 0

Classes unloaded (0 events):
No events

Classes redefined (0 events):
No events

Internal exceptions (20 events):
Event: 155.441 Thread 0x0000025ddd5eede0 Exception <a 'java/lang/NoSuchMethodError'{0x0000000089941100}: 'int java.lang.invoke.DirectMethodHandle$Holder.invokeStaticInit(java.lang.Object, int)'> (0x0000000089941100) 
thrown [s\src\hotspot\share\interpreter\linkResolver.cpp, line 759]
Event: 156.037 Thread 0x0000025ddd5eede0 Implicit null exception at 0x0000025decbcad72 to 0x0000025decbcb288
Event: 156.149 Thread 0x0000025ddd5eede0 Implicit null exception at 0x0000025decbcb8f2 to 0x0000025decbcbe1c
Event: 157.757 Thread 0x0000025ddd5eede0 Implicit null exception at 0x0000025ded104e24 to 0x0000025ded105120
Event: 164.792 Thread 0x0000025ddd5eede0 Implicit null exception at 0x0000025ded01781e to 0x0000025ded017acc
Event: 167.500 Thread 0x0000025ddd5eede0 Exception <a 'java/lang/NoSuchMethodError'{0x0000000089008bf0}: 'java.lang.Object java.lang.invoke.DirectMethodHandle$Holder.newInvokeSpecial(java.lang.Object, int, java.lang.Object, java.lang.Object)'> (0x0000000089008bf0) 
thrown [s\src\hotspot\share\interpreter\linkResolver.cpp, line 759]
Event: 167.501 Thread 0x0000025ddd5eede0 Exception <a 'java/lang/NoSuchMethodError'{0x000000008900dde0}: 'java.lang.Object java.lang.invoke.DirectMethodHandle$Holder.invokeSpecial(java.lang.Object, java.lang.Object, int, java.lang.Object, java.lang.Object)'> (0x000000008900dde0) 
thrown [s\src\hotspot\share\interpreter\linkResolver.cpp, line 759]
Event: 171.305 Thread 0x0000025ddd5eede0 Exception <a 'java/lang/NoSuchMethodError'{0x0000000089d34490}: 'void java.lang.invoke.DirectMethodHandle$Holder.invokeStatic(java.lang.Object, java.lang.Object, java.lang.Object)'> (0x0000000089d34490) 
thrown [s\src\hotspot\share\interpreter\linkResolver.cpp, line 759]
Event: 227.577 Thread 0x0000025ddd5eede0 Implicit null exception at 0x0000025decc420ea to 0x0000025decc422ac
Event: 237.193 Thread 0x0000025ddd5eede0 Implicit null exception at 0x0000025ded436d33 to 0x0000025ded436e58
Event: 237.640 Thread 0x0000025ddd5eede0 Exception <a 'java/lang/NoSuchMethodError'{0x000000008b237b40}: 'java.lang.Object java.lang.invoke.DirectMethodHandle$Holder.invokeStaticInit(java.lang.Object, java.lang.Object, java.lang.Object, java.lang.Object)'> (0x000000008b237b40) 
thrown [s\src\hotspot\share\interpreter\linkResolver.cpp, line 759]
Event: 240.187 Thread 0x0000025ddd5eede0 Exception <a 'java/lang/NoSuchMethodError'{0x000000008a6ddec0}: 'java.lang.Object java.lang.invoke.DirectMethodHandle$Holder.newInvokeSpecial(java.lang.Object, java.lang.Object, java.lang.Object, int, int)'> (0x000000008a6ddec0) 
thrown [s\src\hotspot\share\interpreter\linkResolver.cpp, line 759]
Event: 240.189 Thread 0x0000025ddd5eede0 Exception <a 'java/lang/NoSuchMethodError'{0x000000008a6e1d00}: 'java.lang.Object java.lang.invoke.DirectMethodHandle$Holder.invokeSpecial(java.lang.Object, java.lang.Object, java.lang.Object, java.lang.Object, int, int)'> (0x000000008a6e1d00) 
thrown [s\src\hotspot\share\interpreter\linkResolver.cpp, line 759]
Event: 240.522 Thread 0x0000025ddd5eede0 Exception <a 'java/lang/NoSuchMethodError'{0x000000008ccad3f0}: 'java.lang.Object java.lang.invoke.DirectMethodHandle$Holder.invokeSpecial(java.lang.Object, java.lang.Object, int, int, java.lang.Object, java.lang.Object, java.lang.Object, java.lang.Object, java.lang.Object)'> (0x000000008ccad3f0) 
thrown [s\src\hotspot\share\interpreter\linkResolver.cpp, line 759]
Event: 242.207 Thread 0x0000025ddd5eede0 Implicit null exception at 0x0000025decc198ed to 0x0000025decc19b10
Event: 242.430 Thread 0x0000025ddd5eede0 Exception <a 'java/lang/NoSuchMethodError'{0x000000008bdf2578}: 'java.lang.Object java.lang.invoke.DirectMethodHandle$Holder.invokeStatic(java.lang.Object, java.lang.Object, java.lang.Object, int, int, java.lang.Object, java.lang.Object, java.lang.Object, java.lang.Object)'> (0x000000008bdf2578) 
thrown [s\src\hotspot\share\interpreter\linkResolver.cpp, line 759]
Event: 242.433 Thread 0x0000025ddd5eede0 Exception <a 'java/lang/NoSuchMethodError'{0x000000008bdfc840}: 'java.lang.Object java.lang.invoke.DirectMethodHandle$Holder.newInvokeSpecial(java.lang.Object, java.lang.Object, java.lang.Object, int, int, java.lang.Object)'> (0x000000008bdfc840) 
thrown [s\src\hotspot\share\interpreter\linkResolver.cpp, line 759]
Event: 242.438 Thread 0x0000025ddd5eede0 Exception <a 'java/lang/NoSuchMethodError'{0x000000008bc04928}: 'java.lang.Object java.lang.invoke.Invokers$Holder.linkToTargetMethod(java.lang.Object, java.lang.Object, int, int, java.lang.Object, java.lang.Object)'> (0x000000008bc04928) 
thrown [s\src\hotspot\share\interpreter\linkResolver.cpp, line 759]
Event: 269.559 Thread 0x0000025ddd5eede0 Implicit null exception at 0x0000025ded5a3330 to 0x0000025ded5a767c
Event: 274.598 Thread 0x0000025ddd5eede0 Implicit null exception at 0x0000025ded68ac16 to 0x0000025ded68ee30

VM Operations (20 events):
Event: 275.044 Executing VM operation: ICBufferFull
Event: 275.044 Executing VM operation: ICBufferFull done
Event: 275.597 Executing VM operation: ICBufferFull
Event: 275.597 Executing VM operation: ICBufferFull done
Event: 276.225 Executing VM operation: G1CollectForAllocation
Event: 276.246 Executing VM operation: G1CollectForAllocation done
Event: 277.426 Executing VM operation: ICBufferFull
Event: 277.426 Executing VM operation: ICBufferFull done
Event: 278.161 Executing VM operation: ICBufferFull
Event: 278.162 Executing VM operation: ICBufferFull done
Event: 279.092 Executing VM operation: ICBufferFull
Event: 279.093 Executing VM operation: ICBufferFull done
Event: 279.901 Executing VM operation: G1CollectForAllocation
Event: 279.923 Executing VM operation: G1CollectForAllocation done
Event: 279.960 Executing VM operation: HandshakeAllThreads
Event: 279.961 Executing VM operation: HandshakeAllThreads done
Event: 280.679 Executing VM operation: G1PauseRemark
Event: 280.715 Executing VM operation: G1PauseRemark done
Event: 281.043 Executing VM operation: G1PauseCleanup
Event: 281.044 Executing VM operation: G1PauseCleanup done

Events (20 events):
Event: 280.011 Thread 0x0000025dfb06e8a0 flushing nmethod 0x0000025de67c8f10
Event: 280.012 Thread 0x0000025dfb06e8a0 flushing nmethod 0x0000025de6854390
Event: 280.012 Thread 0x0000025dfb06e8a0 flushing nmethod 0x0000025de6865b90
Event: 280.023 Thread 0x0000025dfb06e8a0 flushing nmethod 0x0000025de6d98590
Event: 280.025 Thread 0x0000025dfb06e8a0 flushing nmethod 0x0000025de6ee5890
Event: 280.041 Thread 0x0000025dfb06e8a0 flushing nmethod 0x0000025de7748e90
Event: 280.042 Thread 0x0000025dfb06e8a0 flushing nmethod 0x0000025de77a2010
Event: 280.043 Thread 0x0000025dfb06e8a0 flushing nmethod 0x0000025de7873b90
Event: 280.043 Thread 0x0000025dfb06e8a0 flushing nmethod 0x0000025de788be90
Event: 280.043 Thread 0x0000025dfb06e8a0 flushing nmethod 0x0000025de78b0910
Event: 280.043 Thread 0x0000025dfb06e8a0 flushing nmethod 0x0000025de78dbf10
Event: 280.051 Thread 0x0000025dfb06e8a0 flushing nmethod 0x0000025de7f80910
Event: 280.051 Thread 0x0000025dfb06e8a0 flushing nmethod 0x0000025de7f81d90
Event: 280.051 Thread 0x0000025dfb06e8a0 flushing nmethod 0x0000025de7f9e590
Event: 280.051 Thread 0x0000025dfb06e8a0 flushing nmethod 0x0000025de7fc6490
Event: 280.053 Thread 0x0000025dfb06e8a0 flushing nmethod 0x0000025de7fe3290
Event: 280.053 Thread 0x0000025dfb06e8a0 flushing nmethod 0x0000025de7fe3990
Event: 280.053 Thread 0x0000025dfb06e8a0 flushing nmethod 0x0000025de802cf90
Event: 280.053 Thread 0x0000025dfb06e8a0 flushing nmethod 0x0000025de803f810
Event: 280.053 Thread 0x0000025dfb06e8a0 flushing nmethod 0x0000025de806d210


Dynamic libraries:
0x00007ff75e030000 - 0x00007ff75e03e000 	C:\Program Files\Microsoft\jdk-17.0.8.7-hotspot\bin\java.exe
0x00007ffa7deb0000 - 0x00007ffa7e0c7000 	C:\WINDOWS\SYSTEM32\ntdll.dll
0x00007ffa7c340000 - 0x00007ffa7c404000 	C:\WINDOWS\System32\KERNEL32.DLL
0x00007ffa7b340000 - 0x00007ffa7b6e6000 	C:\WINDOWS\System32\KERNELBASE.dll
0x00007ffa7bae0000 - 0x00007ffa7bbf1000 	C:\WINDOWS\System32\ucrtbase.dll
0x00007ffa2f410000 - 0x00007ffa2f427000 	C:\Program Files\Microsoft\jdk-17.0.8.7-hotspot\bin\jli.dll
0x00007ffa7bd90000 - 0x00007ffa7bf3e000 	C:\WINDOWS\System32\USER32.dll
0x00007ffa7b220000 - 0x00007ffa7b246000 	C:\WINDOWS\System32\win32u.dll
0x00007ffa7d400000 - 0x00007ffa7d429000 	C:\WINDOWS\System32\GDI32.dll
0x00007ffa7b900000 - 0x00007ffa7ba18000 	C:\WINDOWS\System32\gdi32full.dll
0x00007ffa7b860000 - 0x00007ffa7b8fa000 	C:\WINDOWS\System32\msvcp_win.dll
0x00007ffa2f3f0000 - 0x00007ffa2f40b000 	C:\Program Files\Microsoft\jdk-17.0.8.7-hotspot\bin\VCRUNTIME140.dll
0x00007ffa68fd0000 - 0x00007ffa69263000 	C:\WINDOWS\WinSxS\amd64_microsoft.windows.common-controls_6595b64144ccf1df_6.0.22621.2506_none_270c5ae97388e100\COMCTL32.dll
0x00007ffa7dce0000 - 0x00007ffa7dd87000 	C:\WINDOWS\System32\msvcrt.dll
0x00007ffa7de30000 - 0x00007ffa7de61000 	C:\WINDOWS\System32\IMM32.DLL
0x00007ffa65c00000 - 0x00007ffa65c0c000 	C:\Program Files\Microsoft\jdk-17.0.8.7-hotspot\bin\vcruntime140_1.dll
0x00007ffa2f360000 - 0x00007ffa2f3ed000 	C:\Program Files\Microsoft\jdk-17.0.8.7-hotspot\bin\msvcp140.dll
0x00007ffa269e0000 - 0x00007ffa27645000 	C:\Program Files\Microsoft\jdk-17.0.8.7-hotspot\bin\server\jvm.dll
0x00007ffa7c690000 - 0x00007ffa7c743000 	C:\WINDOWS\System32\ADVAPI32.dll
0x00007ffa7d7b0000 - 0x00007ffa7d858000 	C:\WINDOWS\System32\sechost.dll
0x00007ffa7b1f0000 - 0x00007ffa7b218000 	C:\WINDOWS\System32\bcrypt.dll
0x00007ffa7bc00000 - 0x00007ffa7bd17000 	C:\WINDOWS\System32\RPCRT4.dll
0x00007ffa7b0c0000 - 0x00007ffa7b10d000 	C:\WINDOWS\SYSTEM32\POWRPROF.dll
0x00007ffa74910000 - 0x00007ffa74919000 	C:\WINDOWS\SYSTEM32\WSOCK32.dll
0x00007ffa7d430000 - 0x00007ffa7d4a1000 	C:\WINDOWS\System32\WS2_32.dll
0x00007ffa736b0000 - 0x00007ffa736e4000 	C:\WINDOWS\SYSTEM32\WINMM.dll
0x00007ffa6bc00000 - 0x00007ffa6bc0a000 	C:\WINDOWS\SYSTEM32\VERSION.dll
0x00007ffa7b0a0000 - 0x00007ffa7b0b3000 	C:\WINDOWS\SYSTEM32\UMPDC.dll
0x00007ffa7a1e0000 - 0x00007ffa7a1f8000 	C:\WINDOWS\SYSTEM32\kernel.appcore.dll
0x00007ffa64dd0000 - 0x00007ffa64dda000 	C:\Program Files\Microsoft\jdk-17.0.8.7-hotspot\bin\jimage.dll
0x00007ffa76330000 - 0x00007ffa76563000 	C:\WINDOWS\SYSTEM32\DBGHELP.DLL
0x00007ffa7bfb0000 - 0x00007ffa7c339000 	C:\WINDOWS\System32\combase.dll
0x00007ffa7d2f0000 - 0x00007ffa7d3c7000 	C:\WINDOWS\System32\OLEAUT32.dll
0x00007ffa54ce0000 - 0x00007ffa54d12000 	C:\WINDOWS\SYSTEM32\dbgcore.DLL
0x00007ffa7b250000 - 0x00007ffa7b2ca000 	C:\WINDOWS\System32\bcryptPrimitives.dll
0x00007ffa2f2f0000 - 0x00007ffa2f315000 	C:\Program Files\Microsoft\jdk-17.0.8.7-hotspot\bin\java.dll
0x00007ffa2f210000 - 0x00007ffa2f2e7000 	C:\Program Files\Microsoft\jdk-17.0.8.7-hotspot\bin\jsvml.dll
0x00007ffa7c950000 - 0x00007ffa7d1aa000 	C:\WINDOWS\System32\SHELL32.dll
0x00007ffa790f0000 - 0x00007ffa799e6000 	C:\WINDOWS\SYSTEM32\windows.storage.dll
0x00007ffa78fb0000 - 0x00007ffa790ee000 	C:\WINDOWS\SYSTEM32\wintypes.dll
0x00007ffa7c750000 - 0x00007ffa7c843000 	C:\WINDOWS\System32\SHCORE.dll
0x00007ffa7d1b0000 - 0x00007ffa7d20e000 	C:\WINDOWS\System32\shlwapi.dll
0x00007ffa7b120000 - 0x00007ffa7b146000 	C:\WINDOWS\SYSTEM32\profapi.dll
0x00007ffa2f1f0000 - 0x00007ffa2f209000 	C:\Program Files\Microsoft\jdk-17.0.8.7-hotspot\bin\net.dll
0x00007ffa72490000 - 0x00007ffa725c7000 	C:\WINDOWS\SYSTEM32\WINHTTP.dll
0x00007ffa7a660000 - 0x00007ffa7a6c9000 	C:\WINDOWS\system32\mswsock.dll
0x00007ffa2f190000 - 0x00007ffa2f1a6000 	C:\Program Files\Microsoft\jdk-17.0.8.7-hotspot\bin\nio.dll
0x00007ffa2f170000 - 0x00007ffa2f188000 	C:\Program Files\Microsoft\jdk-17.0.8.7-hotspot\bin\zip.dll
0x00007ffa59e10000 - 0x00007ffa59e20000 	C:\Program Files\Microsoft\jdk-17.0.8.7-hotspot\bin\verify.dll

dbghelp: loaded successfully - version: 4.0.5 - missing functions: none
symbol engine: initialized successfully - sym options: 0x614 - pdb path: .;C:\Program Files\Microsoft\jdk-17.0.8.7-hotspot\bin;C:\WINDOWS\SYSTEM32;C:\WINDOWS\WinSxS\amd64_microsoft.windows.common-controls_6595b64144ccf1df_6.0.22621.2506_none_270c5ae97388e100;C:\Program Files\Microsoft\jdk-17.0.8.7-hotspot\bin\server

VM Arguments:
java_command: org.jetbrains.kotlin.cli.jvm.K2JVMCompiler @D:\CanadaRadio\node_modules\react-native-screens\android\build\20240121_5272314465097514225.compiler.options
java_class_path (initial): C:\Users\Pritam\.gradle\caches\modules-2\files-2.1\org.jetbrains.kotlin\kotlin-compiler-embeddable\1.8.0\eb9118d4bcceaa2a94b2ae2a33a4ddba7c9a947f\kotlin-compiler-embeddable-1.8.0.jar;C:\Users\Pritam\.gradle\caches\modules-2\files-2.1\org.jetbrains.kotlin\kotlin-stdlib\1.8.0\1796921c7a3e2e2665a83e6c8d33399336cd39bc\kotlin-stdlib-1.8.0.jar;C:\Users\Pritam\.gradle\caches\modules-2\files-2.1\org.jetbrains.kotlin\kotlin-script-runtime\1.8.0\b2f7e760d283cb339974851c222a4c1d48f2d3d\kotlin-script-runtime-1.8.0.jar;C:\Users\Pritam\.gradle\caches\modules-2\files-2.1\org.jetbrains.kotlin\kotlin-reflect\1.6.10\1cbe9c92c12a94eea200d23c2bbaedaf3daf5132\kotlin-reflect-1.6.10.jar;C:\Users\Pritam\.gradle\caches\modules-2\files-2.1\org.jetbrains.kotlin\kotlin-daemon-embeddable\1.8.0\d255216c551685dc3a7e852b53617f5f01aaaa5c\kotlin-daemon-embeddable-1.8.0.jar;C:\Users\Pritam\.gradle\caches\modules-2\files-2.1\org.jetbrains.intellij.deps\trove4j\1.0.20200330\3afb14d5f9ceb459d724e907a21145e8ff394f02\trove4j-1.0.20200330.jar;C:\Users\Pritam\.gradle\caches\modules-2\files-2.1\net.java.dev.jna\jna\5.6.0\330f2244e9030119ab3030fc3fededc86713d9cc\jna-5.6.0.jar;C:\Users\Pritam\.gradle\caches\modules-2\files-2.1\org.jetbrains.kotlin\kotlin-stdlib-common\1.8.0\f7197e7cc76453ac59f8b0f8d5137cc600becd36\kotlin-stdlib-common-1.8.0.jar;C:\Users\Pritam\.gradle\caches\modules-2\files-2.1\org.jetbrains\annotations\13.0\919f0dfe192fb4e063e7dacadee7f8bb9a2672a9\annotations-13.0.jar
Launcher Type: SUN_STANDARD

[Global flags]
     intx CICompilerCount                          = 3                                         {product} {ergonomic}
     uint ConcGCThreads                            = 1                                         {product} {ergonomic}
     uint G1ConcRefinementThreads                  = 4                                         {product} {ergonomic}
   size_t G1HeapRegionSize                         = 1048576                                   {product} {ergonomic}
    uintx GCDrainStackTargetSize                   = 64                                        {product} {ergonomic}
   size_t InitialHeapSize                          = 132120576                                 {product} {ergonomic}
   size_t MarkStackSize                            = 4194304                                   {product} {ergonomic}
   size_t MaxHeapSize                              = 2097152000                                {product} {ergonomic}
   size_t MaxNewSize                               = 1258291200                                {product} {ergonomic}
   size_t MinHeapDeltaBytes                        = 1048576                                   {product} {ergonomic}
   size_t MinHeapSize                              = 8388608                                   {product} {ergonomic}
    uintx NonNMethodCodeHeapSize                   = 5832780                                {pd product} {ergonomic}
    uintx NonProfiledCodeHeapSize                  = 122912730                              {pd product} {ergonomic}
    uintx ProfiledCodeHeapSize                     = 122912730                              {pd product} {ergonomic}
    uintx ReservedCodeCacheSize                    = 251658240                              {pd product} {ergonomic}
     bool SegmentedCodeCache                       = true                                      {product} {ergonomic}
   size_t SoftMaxHeapSize                          = 2097152000                             {manageable} {ergonomic}
     bool UseCompressedClassPointers               = true                           {product lp64_product} {ergonomic}
     bool UseCompressedOops                        = true                           {product lp64_product} {ergonomic}
     bool UseG1GC                                  = true                                      {product} {ergonomic}
     bool UseLargePagesIndividualAllocation        = false                                  {pd product} {ergonomic}

Logging:
Log output configuration:
 #0: stdout all=warning uptime,level,tags
 #1: stderr all=off uptime,level,tags

Environment Variables:
CLASSPATH=D:\CanadaRadio\android\\gradle\wrapper\gradle-wrapper.jar
PATH=D:\CanadaRadio\node_modules\.bin;D:\node_modules\.bin;C:\Users\Pritam\AppData\Roaming\npm\node_modules\npm\node_modules\@npmcli\run-script\lib\node-gyp-bin;C:\Program Files\Microsoft\jdk-17.0.8.7-hotspot\bin;C:\WINDOWS\system32;C:\WINDOWS;C:\WINDOWS\System32\Wbem;C:\WINDOWS\System32\WindowsPowerShell\v1.0\;C:\WINDOWS\System32\OpenSSH\;C:\ProgramData\chocolatey\bin;C:\Users\Pritam\AppData\Local\Android\Sdk\platform-tools;C:\Program Files\OpenSSL-Win64\bin;C:\Program Files\nodejs\;C:\Program Files\Git\cmd;C:\Users\Pritam\AppData\Local\Microsoft\WindowsApps;C:\Users\Pritam\AppData\Local\Android\Sdk\platform-tools;C:\Users\Pritam\AppData\Local\Programs\Microsoft VS Code\bin;C:\Users\Pritam\AppData\Roaming\npm;
USERNAME=Pritam
LANG=en_US.UTF-8
OS=Windows_NT
PROCESSOR_IDENTIFIER=Intel64 Family 6 Model 122 Stepping 1, GenuineIntel
TMP=C:\Users\Pritam\AppData\Local\Temp
TEMP=C:\Users\Pritam\AppData\Local\Temp



---------------  S Y S T E M  ---------------

OS:
 Windows 11 , 64 bit Build 22621 (10.0.22621.2506)
OS uptime: 2 days 3:10 hours
Hyper-V role detected

CPU: total 4 (initial active 4) (4 cores per cpu, 1 threads per core) family 6 model 122 stepping 1 microcode 0x36, cx8, cmov, fxsr, mmx, 3dnowpref, sse, sse2, sse3, ssse3, sse4.1, sse4.2, popcnt, tsc, tscinvbit, aes, erms, clmul, sha, clflush, clflushopt, hv
Processor Information for all 4 processors :
  Max Mhz: 1101, Current Mhz: 1101, Mhz Limit: 1101

Memory: 4k page, system-wide physical 7998M (355M free)
TotalPageFile size 20816M (AvailPageFile size 0M)
current process WorkingSet (physical memory assigned to process): 466M, peak: 466M
current process commit charge ("private bytes"): 529M, peak: 532M

vm_info: OpenJDK 64-Bit Server VM (17.0.8+7-LTS) for windows-amd64 JRE (17.0.8+7-LTS), built on Jul  7 2023 17:21:55 by "MicrosoftCorporation" with MS VC++ 16.10 / 16.11 (VS2019)

END.
